#
# There is insufficient memory for the Java Runtime Environment to continue.
# Native memory allocation (malloc) failed to allocate 32744 bytes for ChunkPool::allocate
# Possible reasons:
#   The system is out of physical RAM or swap space
#   In 32 bit mode, the process size limit was hit
# Possible solutions:
#   Reduce memory load on the system
#   Increase physical memory or swap space
#   Check if swap backing store is full
#   Use 64 bit Java on a 64 bit OS
#   Decrease Java heap size (-Xmx/-Xms)
#   Decrease number of Java threads
#   Decrease Java thread stack sizes (-Xss)
#   Set larger code cache with -XX:ReservedCodeCacheSize=
# This output file may be truncated or incomplete.
#
#  Out of Memory Error (allocation.cpp:273), pid=14976, tid=0x0000000000003d64
#
# JRE version: Java(TM) SE Runtime Environment (8.0_102-b14) (build 1.8.0_102-b14)
# Java VM: Java HotSpot(TM) 64-Bit Server VM (25.102-b14 mixed mode windows-amd64 compressed oops)
# Failed to write core dump. Minidumps are not enabled by default on client versions of Windows
#

---------------  T H R E A D  ---------------

Current thread (0x0000000017eab000):  JavaThread "C2 CompilerThread0" daemon [_thread_in_vm, id=15716, stack(0x00000000197c0000,0x00000000198c0000)]

Stack: [0x00000000197c0000,0x00000000198c0000]
[error occurred during error reporting (printing stack bounds), id 0xc0000005]

Native frames: (J=compiled Java code, j=interpreted, Vv=VM code, C=native code)


---------------  P R O C E S S  ---------------

Java Threads: ( => current thread )
  0x00000000191cb800 JavaThread "C1 CompilerThread2" daemon [_thread_blocked, id=15452, stack(0x00000000199c0000,0x0000000019ac0000)]
  0x0000000017ead800 JavaThread "C2 CompilerThread1" daemon [_thread_blocked, id=3640, stack(0x00000000198c0000,0x00000000199c0000)]
=>0x0000000017eab000 JavaThread "C2 CompilerThread0" daemon [_thread_in_vm, id=15716, stack(0x00000000197c0000,0x00000000198c0000)]
  0x0000000017e60800 JavaThread "Attach Listener" daemon [_thread_blocked, id=8828, stack(0x00000000196c0000,0x00000000197c0000)]
  0x00000000191c8800 JavaThread "Signal Dispatcher" daemon [_thread_blocked, id=16008, stack(0x00000000195c0000,0x00000000196c0000)]
  0x00000000032db800 JavaThread "Finalizer" daemon [_thread_blocked, id=15768, stack(0x00000000190b0000,0x00000000191b0000)]
  0x00000000032d0800 JavaThread "Reference Handler" daemon [_thread_blocked, id=16048, stack(0x0000000018fb0000,0x00000000190b0000)]
  0x0000000002e3d800 JavaThread "main" [_thread_in_vm, id=14348, stack(0x0000000002ca0000,0x0000000002da0000)]

Other Threads:
  0x0000000017e17800 VMThread [stack: 0x0000000018eb0000,0x0000000018fb0000] [id=16028]

VM state:not at safepoint (normal execution)

VM Mutex/Monitor currently owned by a thread: None

Heap:
 PSYoungGen      total 38400K, used 665K [0x00000000d5c00000, 0x00000000d8680000, 0x0000000100000000)
  eden space 33280K, 2% used [0x00000000d5c00000,0x00000000d5ca6670,0x00000000d7c80000)
  from space 5120K, 0% used [0x00000000d8180000,0x00000000d8180000,0x00000000d8680000)
  to   space 5120K, 0% used [0x00000000d7c80000,0x00000000d7c80000,0x00000000d8180000)
 ParOldGen       total 87552K, used 0K [0x0000000081400000, 0x0000000086980000, 0x00000000d5c00000)
  object space 87552K, 0% used [0x0000000081400000,0x0000000081400000,0x0000000086980000)
 Metaspace       used 2295K, capacity 4480K, committed 4480K, reserved 1056768K
  class space    used 248K, capacity 384K, committed 384K, reserved 1048576K

Card table byte_map: [0x00000000126a0000,0x0000000012aa0000] byte_map_base: 0x0000000012296000

Marking Bits: (ParMarkBitMap*) 0x000000006017a6c0
 Begin Bits: [0x0000000013150000, 0x0000000015100000)
 End Bits:   [0x0000000015100000, 0x00000000170b0000)

Polling page: 0x0000000002c60000

CodeCache: size=245760Kb used=1026Kb max_used=1026Kb free=244733Kb
 bounds [0x00000000032e0000, 0x0000000003550000, 0x00000000122e0000]
 total_blobs=211 nmethods=0 adapters=140
 compilation: enabled

Compilation events (0 events):
No events

GC Heap History (0 events):
No events

Deoptimization events (0 events):
No events

Internal exceptions (2 events):
Event: 0.046 Thread 0x0000000002e3d800 Exception <a 'java/lang/NoSuchMethodError': Method sun.misc.Unsafe.defineClass(Ljava/lang/String;[BII)Ljava/lang/Class; name or signature does not match> (0x00000000d5c07c78) thrown at [C:\re\workspace\8-2-build-windows-amd64-cygwin\jdk8u102\7268\hotspot\sî„ë cÅß?
Event: 0.046 Thread 0x0000000002e3d800 Exception <a 'java/lang/NoSuchMethodError': Method sun.misc.Unsafe.prefetchRead(Ljava/lang/Object;J)V name or signature does not match> (0x00000000d5c07f60) thrown at [C:\re\workspace\8-2-build-windows-amd64-cygwin\jdk8u102\7268\hotspot\src\share\vm\prims\

Events (10 events):
Event: 0.159 loading class sun/misc/Launcher$AppClassLoader$1
Event: 0.159 loading class sun/misc/Launcher$AppClassLoader$1 done
Event: 0.355 loading class java/lang/SystemClassLoaderAction
Event: 0.355 loading class java/lang/SystemClassLoaderAction done
Event: 0.355 Thread 0x00000000191c8800 Thread added: 0x00000000191c8800
Event: 0.355 Thread 0x0000000017e60800 Thread added: 0x0000000017e60800
Event: 0.355 Thread 0x0000000017eab000 Thread added: 0x0000000017eab000
Event: 0.355 Thread 0x0000000017ead800 Thread added: 0x0000000017ead800
Event: 0.355 Thread 0x00000000191cb800 Thread added: 0x00000000191cb800
Event: 0.356 loading class java/lang/invoke/MethodHandleImpl


Dynamic libraries:
0x00007ff64f320000 - 0x00007ff64f357000 	D:\Java\jdk1.8.0_102\bin\javaw.exe
0x00007ffd26c70000 - 0x00007ffd26e41000 	C:\WINDOWS\SYSTEM32\ntdll.dll
0x00007ffd24670000 - 0x00007ffd2471b000 	C:\WINDOWS\System32\KERNEL32.DLL
0x00007ffd23140000 - 0x00007ffd2335d000 	C:\WINDOWS\System32\KERNELBASE.dll
0x00007ffd25590000 - 0x00007ffd25632000 	C:\WINDOWS\System32\ADVAPI32.dll
0x00007ffd24560000 - 0x00007ffd245fe000 	C:\WINDOWS\System32\msvcrt.dll
0x00007ffd247b0000 - 0x00007ffd24809000 	C:\WINDOWS\System32\sechost.dll
0x00007ffd241e0000 - 0x00007ffd24301000 	C:\WINDOWS\System32\RPCRT4.dll
0x00007ffd25350000 - 0x00007ffd254b5000 	C:\WINDOWS\System32\USER32.dll
0x00007ffd23af0000 - 0x00007ffd23b0e000 	C:\WINDOWS\System32\win32u.dll
0x00007ffd25310000 - 0x00007ffd25344000 	C:\WINDOWS\System32\GDI32.dll
0x00007ffd24050000 - 0x00007ffd241d2000 	C:\WINDOWS\System32\gdi32full.dll
0x00007ffd1a3b0000 - 0x00007ffd1a629000 	C:\WINDOWS\WinSxS\amd64_microsoft.windows.common-controls_6595b64144ccf1df_6.0.14393.447_none_42191651c6827bb3\COMCTL32.dll
0x00007ffd24810000 - 0x00007ffd24ad7000 	C:\WINDOWS\System32\combase.dll
0x00007ffd23b70000 - 0x00007ffd23c65000 	C:\WINDOWS\System32\ucrtbase.dll
0x00007ffd23e10000 - 0x00007ffd23e7a000 	C:\WINDOWS\System32\bcryptPrimitives.dll
0x00007ffd24310000 - 0x00007ffd2433e000 	C:\WINDOWS\System32\IMM32.DLL
0x0000000180000000 - 0x0000000180103000 	C:\Program Files\MacType\MacType64.dll
0x00007ffcf50b0000 - 0x00007ffcf5107000 	C:\WINDOWS\SYSTEM32\EasyHk64.dll
0x00007ffd22b20000 - 0x00007ffd22b2b000 	C:\WINDOWS\SYSTEM32\CRYPTBASE.DLL
0x00007ffd24350000 - 0x00007ffd24358000 	C:\WINDOWS\System32\PSAPI.DLL
0x00007ffd25130000 - 0x00007ffd25267000 	C:\WINDOWS\System32\ole32.dll
0x00007ffd1dbe0000 - 0x00007ffd1e13f000 	C:\WINDOWS\SYSTEM32\d2d1.dll
0x00007ffd23e80000 - 0x00007ffd24049000 	C:\WINDOWS\System32\CRYPT32.dll
0x00007ffd230d0000 - 0x00007ffd230e0000 	C:\WINDOWS\System32\MSASN1.dll
0x00007ffd1a840000 - 0x00007ffd1aaa9000 	C:\WINDOWS\SYSTEM32\dwrite.dll
0x000000005eb80000 - 0x000000005ec51000 	D:\Java\jdk1.8.0_102\jre\bin\msvcr100.dll
0x000000005f960000 - 0x00000000601fa000 	D:\Java\jdk1.8.0_102\jre\bin\server\jvm.dll
0x00007ffd146a0000 - 0x00007ffd146a9000 	C:\WINDOWS\SYSTEM32\WSOCK32.dll
0x00007ffd21290000 - 0x00007ffd212b3000 	C:\WINDOWS\SYSTEM32\WINMM.dll
0x00007ffd21e70000 - 0x00007ffd21e7a000 	C:\WINDOWS\SYSTEM32\VERSION.dll
0x0000000002c30000 - 0x0000000002c5b000 	C:\WINDOWS\SYSTEM32\WINMMBASE.dll
0x00007ffd23dc0000 - 0x00007ffd23e02000 	C:\WINDOWS\System32\cfgmgr32.dll
0x00007ffd24720000 - 0x00007ffd2478a000 	C:\WINDOWS\System32\WS2_32.dll
0x000000005f950000 - 0x000000005f95f000 	D:\Java\jdk1.8.0_102\jre\bin\verify.dll
0x000000005f920000 - 0x000000005f949000 	D:\Java\jdk1.8.0_102\jre\bin\java.dll
0x000000005f900000 - 0x000000005f916000 	D:\Java\jdk1.8.0_102\jre\bin\zip.dll
0x00007ffd25640000 - 0x00007ffd26b49000 	C:\WINDOWS\System32\SHELL32.dll
0x00007ffd23410000 - 0x00007ffd23aea000 	C:\WINDOWS\System32\windows.storage.dll
0x0000000002e40000 - 0x0000000002e8c000 	C:\WINDOWS\System32\powrprof.dll
0x00007ffd24360000 - 0x00007ffd243b2000 	C:\WINDOWS\System32\shlwapi.dll
0x00007ffd230e0000 - 0x00007ffd230ef000 	C:\WINDOWS\System32\kernel.appcore.dll
0x00007ffd23360000 - 0x00007ffd23409000 	C:\WINDOWS\System32\shcore.dll
0x00007ffd230b0000 - 0x00007ffd230c4000 	C:\WINDOWS\System32\profapi.dll

VM Arguments:
jvm_args: -Dfile.encoding=UTF-8 
java_command: Main
java_class_path (initial): E:\JavaCode\Lab1Test\bin;C:\Users\Administrator\.p2\pool\plugins\org.junit_4.12.0.v201504281640\junit.jar;C:\Users\Administrator\.p2\pool\plugins\org.hamcrest.core_1.3.0.v201303031735.jar
Launcher Type: SUN_STANDARD

Environment Variables:
JAVA_HOME=D:\Java\jdk1.8.0_102
CLASSPATH=.;D:\Java\jdk1.8.0_102\lib\dt.jar;D:\Java\jdk1.8.0_102\lib\tools.jar
PATH=D:/Java/jdk1.8.0_102/bin/../jre/bin/server;D:/Java/jdk1.8.0_102/bin/../jre/bin;D:/Java/jdk1.8.0_102/bin/../jre/lib/amd64;D:\Java\jdk1.8.0_102\bin;D:\Java_Framework\Tomcat\apache-tomcat-9.0.0.M10\lib;D:\mingw64\mingw64\bin;D:\Java_Framework\maven\apache-maven-3.3.9\bin;D:\Java_Framework\Tomcat\apache-tomcat-9.0.0.M10\bin;C:\ProgramData\Oracle\Java\javapath;D:\python2.7\Lib\site-packages\Django-1.7.1-py2.7.egg\django\bin;D:\python2.7;C:\Program Files (x86)\NVIDIA Corporation\PhysX\Common;D:\python\Lib\site-packages\PyQt4;C:\WINDOWS\system32;C:\WINDOWS;C:\WINDOWS\System32\Wbem;C:\WINDOWS\System32\WindowsPowerShell\v1.0\;C:\Program Files (x86)\ATI Technologies\ATI.ACE\Core-Static;D:\python\gnuplot\binary;C:\Users\Administrator\AppData\Local\HelloPlugin\;C:\WINDOWS\system32\config\systemprofile\.dnx\bin;C:\Program Files\Microsoft DNX\Dnvm\;C:\Program Files (x86)\Windows Kits\8.1\Windows Performance Toolkit\;C:\Program Files\Microsoft SQL Server\120\Tools\Binn\;D:\Mini_Program\Tickeys\Release;D:\π§æﬂ\everything\Everything;D;\Mini_Program\sublime\Sublime Text 3;G:\Matlab\runtime\win64;G:\Matlab\bin;G:\Matlab\polyspace\bin;D:\Java_Framework\mysql\mysql-5.7.15-winx64\bin;C:\Program Files\MySQL\MySQL Utilities 1.6\;D:\NodeJS\;C:\Users\Administrator\AppData\Local\GitHub\PortableGit_d76a6a98c9315931ec4927243517bc09e9b731a0\mingw32\libexec\git-core;C:\Users\Administrator\AppData\Local\GitHub\PortableGit_d76a6a98c9315931ec4927243517bc09e9b731a0\mingw32\bin;D:\Git\Git\cmd;d:\»ÒΩ›øÕªß∂À∆∆Ω‚≥Ã–Ú;C:\MinGW\bin;D:\BandZip\Bandizip\7z;C:\Users\Administrator\AppData\Roaming\npm;%USERPROFILE%\AppData\Local\Microsoft\WindowsApps;;C:\Program Files\MacType;C:\Users\Administrator\Desktop;
USERNAME=Administrator
OS=Windows_NT
PROCESSOR_IDENTIFIER=Intel64 Family 6 Model 60 Stepping 3, GenuineIntel



---------------  S Y S T E M  ---------------

OS: Windows 10.0 , 64 bit Build 14393 (10.0.14393.0)

CPU:total 4 (2 cores per cpu, 2 threads per core) family 6 model 60 stepping 3, cmov, cx8, fxsr, mmx, sse, sse2, sse3, ssse3, sse4.1, sse4.2, popcnt, avx, avx2, aes, clmul, erms, lzcnt, ht, tsc, tscinvbit, bmi1, bmi2

Memory: 4k page, physical 8302956k(3464492k free), swap 12497260k(4916k free)

vm_info: Java HotSpot(TM) 64-Bit Server VM (25.102-b14) for windows-amd64 JRE (1.8.0_102-b14), built on Jun 22 2016 13:15:21 by "java_re" with MS VC++ 10.0 (VS2010)

time: Mon Nov 21 20:39:50 2016
elapsed time: 0 seconds (0d 0h 0m 0s)

